Build started 6/28/2016 20:20:19.
     1>Project "C:\Users\Administrator\Documents\RVX-4\RVX4\Diox\Diox.vcxproj" on node 2 (Build target(s)).
     1>C:\Program Files (x86)\MSBuild\Microsoft.Cpp\v4.0\V120\Microsoft.CppBuild.targets(388,5): warning MSB8028: The intermediate directory (Debug\) contains files shared from another project (C4ay0ns.vcxproj, Diox.vcxproj, Mystic.vcxproj, Zemana.vcxproj).  This can lead to incorrect clean and rebuild behavior.
     1>ClCompile:
         C:\Program Files (x86)\Microsoft Visual Studio 12.0\VC\bin\CL.exe /c /ZI /nologo /W3 /WX- /sdl /Od /Oy- /D _CRT_SECURE_NO_WARNINGS /D _WINSOCK_DEPRECATED_NO_WARNINGS /D _WINDLL /D _MBCS /Gm /EHsc /RTC1 /MDd /GS /fp:precise /Zc:wchar_t /Zc:forScope /Fo"Debug\\" /Fd"Debug\vc120.pdb" /Gd /TP /analyze- /errorReport:prompt MainFunctions.cpp
         MainFunctions.cpp
     1>c:\users\administrator\documents\rvx-4\rvx4\diox\mainfunctions.cpp(1): warning C4005: '_CRT_SECURE_NO_WARNINGS' : macro redefinition
                 command-line arguments :  see previous definition of '_CRT_SECURE_NO_WARNINGS'
     1>c:\users\administrator\documents\rvx-4\rvx4\diox\mainfunctions.cpp(173): error C2065: 'lua_gettop' : undeclared identifier
     1>c:\users\administrator\documents\rvx-4\rvx4\diox\mainfunctions.cpp(173): error C2065: '_gettop' : undeclared identifier
     1>c:\users\administrator\documents\rvx-4\rvx4\diox\mainfunctions.cpp(194): warning C4018: '<' : signed/unsigned mismatch
     1>c:\users\administrator\documents\rvx-4\rvx4\diox\mainfunctions.cpp(206): error C3861: 'lua_getfield': identifier not found
     1>c:\users\administrator\documents\rvx-4\rvx4\diox\mainfunctions.cpp(896): warning C4018: '<' : signed/unsigned mismatch
     1>c:\users\administrator\documents\rvx-4\rvx4\diox\mainfunctions.cpp(920): warning C4018: '<' : signed/unsigned mismatch
     1>c:\users\administrator\documents\rvx-4\rvx4\diox\mainfunctions.cpp(934): warning C4244: 'argument' : conversion from 'double' to 'float', possible loss of data
     1>c:\users\administrator\documents\rvx-4\rvx4\diox\mainfunctions.cpp(966): warning C4018: '<' : signed/unsigned mismatch
     1>c:\users\administrator\documents\rvx-4\rvx4\diox\mainfunctions.cpp(978): warning C4018: '<' : signed/unsigned mismatch
     1>c:\users\administrator\documents\rvx-4\rvx4\diox\mainfunctions.cpp(1037): warning C4018: '<' : signed/unsigned mismatch
     1>Done Building Project "C:\Users\Administrator\Documents\RVX-4\RVX4\Diox\Diox.vcxproj" (Build target(s)) -- FAILED.

Build FAILED.

Time Elapsed 00:00:02.11
