Build started 3/22/2016 9:49:19 PM.
     1>Project "C:\Users\Adobe\Desktop\sources\Diox\Diox\Diox.vcxproj" on node 2 (Build target(s)).
     1>ClCompile:
         C:\Program Files (x86)\Microsoft Visual Studio 12.0\VC\bin\x86_amd64\CL.exe /c /Zi /nologo /W1 /WX- /O2 /Gm- /EHsc /MD /GS /fp:precise /Zc:wchar_t /Zc:forScope /Fo"x64\Release\\" /Fd"x64\Release\vc120.pdb" /Gd /TP /errorReport:prompt MainFunctions.cpp
         MainFunctions.cpp
     1>c:\users\adobe\desktop\sources\diox\diox\mainfunctions.cpp(334): warning C4715: 'StartMessageLoop' : not all control paths return a value
     1>c:\users\adobe\desktop\sources\diox\diox\mainfunctions.cpp(95): warning C4715: 'Roblox::FindFirstClass' : not all control paths return a value
     1>c:\users\adobe\desktop\sources\diox\diox\mainfunctions.cpp(462): warning C4715: 'Memory::Scan' : not all control paths return a value
       Link:
         C:\Program Files (x86)\Microsoft Visual Studio 12.0\VC\bin\x86_amd64\link.exe /ERRORREPORT:PROMPT /OUT:"C:\Users\Adobe\Desktop\sources\Diox\x64\Release\Zemana.exe" /NOLOGO kernel32.lib user32.lib gdi32.lib winspool.lib comdlg32.lib advapi32.lib shell32.lib ole32.lib oleaut32.lib uuid.lib odbc32.lib odbccp32.lib /MANIFEST /MANIFESTUAC:"level='asInvoker' uiAccess='false'" /manifest:embed /PDB:"C:\Users\Adobe\Desktop\sources\Diox\x64\Release\Zemana.pdb" /TLBID:1 /DYNAMICBASE /NXCOMPAT /IMPLIB:"C:\Users\Adobe\Desktop\sources\Diox\x64\Release\Zemana.lib" /MACHINE:X64 x64\Release\MainFunctions.obj
     1>LINK : fatal error LNK1561: entry point must be defined
     1>Done Building Project "C:\Users\Adobe\Desktop\sources\Diox\Diox\Diox.vcxproj" (Build target(s)) -- FAILED.

Build FAILED.

Time Elapsed 00:00:03.31
